<?xml version="1.0" encoding="UTF-8"?>
<!-- Generated by org.testng.reporters.JUnitReportReporter -->
<testsuite hostname="LMMUMLP0202" failures="0" tests="2" name="Day5_TestNG.TC003_ORHM_login" time="15.708" errors="0" timestamp="2024-01-23T11:29:25 IST" skipped="0">
  <testcase classname="Day5_TestNG.TC003_ORHM_login" name="f" time="8.866"/>
  <testcase classname="Day5_TestNG.TC003_ORHM_login" name="f" time="6.842"/>
</testsuite> <!-- Day5_TestNG.TC003_ORHM_login -->
