<?xml version="1.0" encoding="UTF-8"?>
<!-- Generated by org.testng.reporters.JUnitReportReporter -->
<testsuite hostname="LMMUMLP0202" failures="0" tests="2" name="TestNG_Lab.LAB8_3OpenCart" time="17.329" errors="0" timestamp="2024-01-22T18:08:20 IST" skipped="0">
  <testcase classname="TestNG_Lab.LAB8_3OpenCart" name="f" time="8.703"/>
  <testcase classname="TestNG_Lab.LAB8_3OpenCart" name="f" time="8.626"/>
</testsuite> <!-- TestNG_Lab.LAB8_3OpenCart -->
