<?xml version="1.0" encoding="UTF-8"?>
<!-- Generated by org.testng.reporters.JUnitReportReporter -->
<testsuite hostname="LMMUMLP0202" failures="0" tests="6" name="TestCase.Luma_Booking3_para" time="224.292" errors="0" timestamp="2024-01-30T13:17:16 IST" skipped="0">
  <testcase classname="TestCase.Luma_Booking3_para" name="f" time="28.363"/>
  <testcase classname="TestCase.Luma_Booking3_para" name="f" time="29.921"/>
  <testcase classname="TestCase.Luma_Booking3_para" name="f" time="55.637"/>
  <testcase classname="TestCase.Luma_Booking3_para" name="f" time="27.515"/>
  <testcase classname="TestCase.Luma_Booking3_para" name="f" time="52.921"/>
  <testcase classname="TestCase.Luma_Booking3_para" name="f" time="29.935"/>
</testsuite> <!-- TestCase.Luma_Booking3_para -->
