<?xml version="1.0" encoding="UTF-8"?>
<!-- Generated by org.testng.reporters.JUnitReportReporter -->
<testsuite hostname="LMMUMLP0202" failures="0" tests="2" name="Day5.TC003_ORHM_login" time="22.963" errors="0" timestamp="2024-01-23T11:24:18 IST" skipped="0">
  <testcase classname="Day5.TC003_ORHM_login" name="f" time="15.949"/>
  <testcase classname="Day5.TC003_ORHM_login" name="f" time="7.014"/>
</testsuite> <!-- Day5.TC003_ORHM_login -->
