<?xml version="1.0" encoding="UTF-8"?>
<!-- Generated by org.testng.reporters.JUnitReportReporter -->
<testsuite hostname="LMMUMLP0202" failures="0" tests="1" name="Day6_2Grups.TC001_Grup" time="0.003" errors="0" timestamp="2024-01-25T10:43:51 IST" skipped="0">
  <testcase classname="Day6_2Grups.TC001_Grup" name="f" time="0.003"/>
</testsuite> <!-- Day6_2Grups.TC001_Grup -->
