<?xml version="1.0" encoding="UTF-8"?>
<!-- Generated by org.testng.reporters.JUnitReportReporter -->
<testsuite hostname="LMMUMLP0202" failures="0" tests="2" name="TestNG_Lab.LAB8_3OpenCartPOMmain" time="19.342" errors="0" timestamp="2024-01-22T18:11:57 IST" skipped="0">
  <testcase classname="TestNG_Lab.LAB8_3OpenCartPOMmain" name="f" time="9.669"/>
  <testcase classname="TestNG_Lab.LAB8_3OpenCartPOMmain" name="f" time="9.673"/>
</testsuite> <!-- TestNG_Lab.LAB8_3OpenCartPOMmain -->
