<?xml version="1.0" encoding="UTF-8"?>
<!-- Generated by org.testng.reporters.JUnitReportReporter -->
<testsuite hostname="LMMUMLP0202" failures="0" tests="2" name="Day6.TC001_MultiTest" time="0.024" errors="0" timestamp="2024-01-25T10:43:51 IST" skipped="0">
  <testcase classname="Day6.TC001_MultiTest" name="test2" time="0.021"/>
  <testcase classname="Day6.TC001_MultiTest" name="test1" time="0.003"/>
</testsuite> <!-- Day6.TC001_MultiTest -->
