<?xml version="1.0" encoding="UTF-8"?>
<!-- Generated by org.testng.reporters.JUnitReportReporter -->
<testsuite hostname="LMMUMLP0202" failures="0" tests="2" name="TestCase.Luma_Booking" time="34.239" errors="0" timestamp="2024-01-28T03:54:03 IST" skipped="0">
  <testcase classname="TestCase.Luma_Booking" name="f" time="17.807"/>
  <testcase classname="TestCase.Luma_Booking" name="f" time="16.432"/>
</testsuite> <!-- TestCase.Luma_Booking -->
