<?xml version="1.0" encoding="UTF-8"?>
<!-- Generated by org.testng.reporters.JUnitReportReporter -->
<testsuite hostname="LMMUMLP0202" failures="0" tests="2" name="TestNG_Lab.NewTest" time="33.934" errors="0" timestamp="2024-01-22T18:43:16 IST" skipped="0">
  <testcase classname="TestNG_Lab.NewTest" name="f" time="15.569"/>
  <testcase classname="TestNG_Lab.NewTest" name="f" time="18.365"/>
</testsuite> <!-- TestNG_Lab.NewTest -->
